<?xml version="1.0" encoding="UTF-8"?>
<TestRun id="57294664-6ff5-4a62-ae51-995f20984f06" name="ignacio@ARWEN 2012-05-02 16:33:46" runUser="arwen\ignacio" xmlns="http://microsoft.com/schemas/VisualStudio/TeamTest/2010">
  <TestSettings name="Local" id="43b39243-63e3-48f4-af16-2473fcec4e2d">
    <Description>These are default test settings for a local test run.</Description>
    <Deployment enabled="false" runDeploymentRoot="ignacio_ARWEN 2012-05-02 16_33_46">
      <DeploymentItem filename="C:\Users\ignacio\documents\visual studio 2010\Projects\PlaylistFM\PlaylistFM\bin\Release\PlaylistFM.exe" />
      <DeploymentItem filename="C:\Users\ignacio\documents\visual studio 2010\Projects\PlaylistFM\packages\MahApps.Metro.0.7.9.59-ALPHA\lib\net40\System.Windows.Interactivity.dll" />
      <DeploymentItem filename="C:\Users\ignacio\documents\visual studio 2010\Projects\PlaylistFM\packages\MahApps.Metro.0.7.9.59-ALPHA\lib\net40\MahApps.Metro.dll" />
      <DeploymentItem filename="C:\Users\ignacio\documents\visual studio 2010\Projects\PlaylistFM\PlaylistFM\Resources\taglib-sharp.dll" />
    </Deployment>
    <Execution>
      <TestTypeSpecific />
      <AgentRule name="Execution Agents">
      </AgentRule>
    </Execution>
  </TestSettings>
  <Times creation="2012-05-02T16:33:46.9597000-03:00" queuing="2012-05-02T16:33:46.9787000-03:00" start="2012-05-02T16:33:47.0047000-03:00" finish="2012-05-02T16:33:48.1847000-03:00" />
  <ResultSummary outcome="Completed">
    <Counters total="1" executed="1" passed="1" error="0" failed="0" timeout="0" aborted="0" inconclusive="0" passedButRunAborted="0" notRunnable="0" notExecuted="0" disconnected="0" warning="0" completed="0" inProgress="0" pending="0" />
  </ResultSummary>
  <TestDefinitions>
    <UnitTest name="isNotValidArtistLoWuachiturro" storage="c:\users\ignacio\documents\visual studio 2010\projects\playlistfm\playlistfm.tests\bin\release\playlistfm.tests.dll" id="4632da54-6187-15aa-ca07-f6748568775a">
      <Execution id="66210c8f-604a-4339-8844-994edf2f20a8" />
      <TestMethod codeBase="C:/Users/ignacio/documents/visual studio 2010/Projects/PlaylistFM/PlaylistFM.Tests/bin/Release/PlaylistFM.Tests.DLL" adapterTypeName="Microsoft.VisualStudio.TestTools.TestTypes.Unit.UnitTestAdapter, Microsoft.VisualStudio.QualityTools.Tips.UnitTest.Adapter, Version=10.0.0.0, Culture=neutral, PublicKeyToken=b03f5f7f11d50a3a" className="PlaylistFM.Tests.LastFMConnectorTest, PlaylistFM.Tests, Version=1.0.0.0, Culture=neutral, PublicKeyToken=null" name="isNotValidArtistLoWuachiturro" />
    </UnitTest>
  </TestDefinitions>
  <TestLists>
    <TestList name="Results Not in a List" id="8c84fa94-04c1-424b-9868-57a2d4851a1d" />
    <TestList name="All Loaded Results" id="19431567-8539-422a-85d7-44ee4e166bda" />
  </TestLists>
  <TestEntries>
    <TestEntry testId="4632da54-6187-15aa-ca07-f6748568775a" executionId="66210c8f-604a-4339-8844-994edf2f20a8" testListId="8c84fa94-04c1-424b-9868-57a2d4851a1d" />
  </TestEntries>
  <Results>
    <UnitTestResult executionId="66210c8f-604a-4339-8844-994edf2f20a8" testId="4632da54-6187-15aa-ca07-f6748568775a" testName="isNotValidArtistLoWuachiturro" computerName="ARWEN" duration="00:00:00.7786043" startTime="2012-05-02T16:33:47.0337000-03:00" endTime="2012-05-02T16:33:48.1187000-03:00" testType="13cdc9d9-ddb5-4fa4-a97d-d965ccfc6d4b" outcome="Passed" testListId="8c84fa94-04c1-424b-9868-57a2d4851a1d" relativeResultsDirectory="66210c8f-604a-4339-8844-994edf2f20a8">
    </UnitTestResult>
  </Results>
</TestRun>